mode: set
github.com/Ely0rda/bookings/cmd/main/main.go:22.13,24.16 2 0
github.com/Ely0rda/bookings/cmd/main/main.go:27.2,35.16 4 0
github.com/Ely0rda/bookings/cmd/main/main.go:24.16,26.3 1 0
github.com/Ely0rda/bookings/cmd/main/main.go:35.16,37.3 1 0
github.com/Ely0rda/bookings/cmd/main/main.go:40.18,64.16 10 1
github.com/Ely0rda/bookings/cmd/main/main.go:69.2,78.12 6 1
github.com/Ely0rda/bookings/cmd/main/main.go:64.16,67.3 2 0
github.com/Ely0rda/bookings/cmd/main/middleware.go:10.53,12.71 1 1
github.com/Ely0rda/bookings/cmd/main/middleware.go:12.71,16.3 2 0
github.com/Ely0rda/bookings/cmd/main/middleware.go:20.45,29.2 3 1
github.com/Ely0rda/bookings/cmd/main/middleware.go:32.50,34.2 1 1
github.com/Ely0rda/bookings/cmd/main/routes.go:13.49,42.2 18 1
github.com/Ely0rda/bookings/cmd/main/routes.go:44.66,45.38 1 1
github.com/Ely0rda/bookings/cmd/main/routes.go:49.2,49.45 1 1
github.com/Ely0rda/bookings/cmd/main/routes.go:53.2,55.59 2 1
github.com/Ely0rda/bookings/cmd/main/routes.go:45.38,46.58 1 0
github.com/Ely0rda/bookings/cmd/main/routes.go:49.45,52.3 2 0
github.com/Ely0rda/bookings/cmd/main/routes.go:55.59,59.3 2 0
